"../../../../../../Users/jake_/Documents/Unreal Projects/GMTK2021/Content/Mannequin/Character/Materials/MaterialLayers/T_ML_Rubber_Blue_01_N.uasset" 0
"../../../../../../Users/jake_/Documents/Unreal Projects/GMTK2021/Content/Mannequin/Character/Textures/T_Male_Mask.uasset" 1
"../../../../../../Users/jake_/Documents/Unreal Projects/GMTK2021/Content/Mannequin/Character/Textures/T_Male_N.uasset" 2
"../../../../../../Users/jake_/Documents/Unreal Projects/GMTK2021/Content/Mannequin/Character/Textures/T_UE4Logo_Mask.uasset" 3
"../../../Engine/Content/Functions/Engine_MaterialFunctions02/Utility/BlendAngleCorrectedNormals.uasset" 4
"../../../Engine/Content/Functions/MaterialLayerFunctions/MatLayerBlend_NormalBlend.uasset" 5
"../../../Engine/Content/Functions/MaterialLayerFunctions/MatLayerBlend_Simple.uasset" 6
"../../../../../../Users/jake_/Documents/Unreal Projects/GMTK2021/Content/Mannequin/Character/Materials/MaterialLayers/T_ML_Rubber_Blue_01_D.uasset" 7
"../../../../../../Users/jake_/Documents/Unreal Projects/GMTK2021/Content/Mannequin/Character/Materials/MaterialLayers/ML_GlossyBlack_Latex_UE4.uasset" 8
"../../../../../../Users/jake_/Documents/Unreal Projects/GMTK2021/Content/Mannequin/Character/Materials/MaterialLayers/ML_Plastic_Shiny_Beige.uasset" 9
"../../../../../../Users/jake_/Documents/Unreal Projects/GMTK2021/Content/Mannequin/Character/Materials/MaterialLayers/T_ML_Aluminum01_N.uasset" 10
"../../../../../../Users/jake_/Documents/Unreal Projects/GMTK2021/Content/Mannequin/Character/Materials/MaterialLayers/T_ML_Aluminum01.uasset" 11
"../../../../../../Users/jake_/Documents/Unreal Projects/GMTK2021/Content/Mannequin/Character/Materials/MaterialLayers/ML_SoftMetal_UE4.uasset" 12
"../../../../../../Users/jake_/Documents/Unreal Projects/GMTK2021/Content/Mannequin/Character/Materials/MaterialLayers/ML_Plastic_Shiny_Beige_LOGO.uasset" 13
"../../../../../../Users/jake_/Documents/Unreal Projects/GMTK2021/Content/Mannequin/Character/Materials/M_Male_Body.uasset" 14
"../../../../../../Users/jake_/Documents/Unreal Projects/GMTK2021/Content/Mannequin/Character/Mesh/SK_Mannequin_PhysicsAsset.uasset" 15
"../../../../../../Users/jake_/Documents/Unreal Projects/GMTK2021/Content/Mannequin/Character/Textures/T_UE4Logo_N.uasset" 16
"../../../../../../Users/jake_/Documents/Unreal Projects/GMTK2021/Content/Mannequin/Character/Materials/M_UE4Man_ChestLogo.uasset" 17
"../../../../../../Users/jake_/Documents/Unreal Projects/GMTK2021/Content/Mannequin/Character/Mesh/UE4_Mannequin_Skeleton.uasset" 18
"../../../../../../Users/jake_/Documents/Unreal Projects/GMTK2021/Content/Mannequin/Character/Mesh/SK_Mannequin.uasset" 19
"../../../Engine/Content/EditorBlueprintResources/StandardMacros.uasset" 20
"../../../../../../Users/jake_/Documents/Unreal Projects/GMTK2021/Content/Blueprints/Interfaces/Damageable.uasset" 21
"../../../../../../Users/jake_/Documents/Unreal Projects/GMTK2021/Content/Blueprints/Enemies/HellWorm.uasset" 22
"../../../../../../Users/jake_/Documents/Unreal Projects/GMTK2021/Content/Blueprints/Interfaces/Ranged.uasset" 23
"../../../../../../Users/jake_/Documents/Unreal Projects/GMTK2021/Content/Geometry/Meshes/CubeMaterial.uasset" 24
"../../../../../../Users/jake_/Documents/Unreal Projects/GMTK2021/Content/Geometry/Meshes/1M_Cube_Chamfer.uasset" 25
"../../../../../../Users/jake_/Documents/Unreal Projects/GMTK2021/Content/Mannequin/Animations/ThirdPersonJump_End.uasset" 26
"../../../../../../Users/jake_/Documents/Unreal Projects/GMTK2021/Content/Mannequin/Character/Textures/T_Female_Mask.uasset" 27
"../../../../../../Users/jake_/Documents/Unreal Projects/GMTK2021/Content/Mannequin/Character/Textures/T_Female_N.uasset" 28
"../../../../../../Users/jake_/Documents/Unreal Projects/GMTK2021/Content/Mannequin/Character/Materials/MI_Female_Body.uasset" 29
"../../../../../../Users/jake_/Documents/Unreal Projects/GMTK2021/Content/Mannequin/Character/Mesh/SK_Mannequin_Female_PhysicsAsset.uasset" 30
"../../../../../../Users/jake_/Documents/Unreal Projects/GMTK2021/Content/Mannequin/Character/Mesh/SK_Mannequin_Female.uasset" 31
"../../../../../../Users/jake_/Documents/Unreal Projects/GMTK2021/Content/Materials/Black_Mat.uasset" 32
"../../../../../../Users/jake_/Documents/Unreal Projects/GMTK2021/Content/Materials/Particle_Effects/Pink_Particle_Mat.uasset" 33
"../../../Engine/Content/EngineMaterials/OrientParticle.uasset" 34
"../../../Engine/Content/EngineMaterials/DefaultParticle.uasset" 35
"../../../../../../Users/jake_/Documents/Unreal Projects/GMTK2021/Content/Materials/Particle_Effects/Player_Blue_Particles.uasset" 36
"../../Plugins/FX/Niagara/Content/Enums/ENiagaraMassByVolume.uasset" 37
"../../Plugins/FX/Niagara/Content/Modules/Update/Mass/CalculateSizeAndRotationalInertiaByMass.uasset" 38
"../../Plugins/FX/Niagara/Content/Enums/ENiagaraSphereDistributionMode.uasset" 39
"../../Plugins/FX/Niagara/Content/Enums/ENiagaraScaleColorMode.uasset" 40
"../../Plugins/FX/Niagara/Content/Enums/ENiagaraRandomnessMode.uasset" 41
"../../Plugins/FX/Niagara/Content/Enums/ENiagaraRandomnessEvaluation.uasset" 42
"../../Plugins/FX/Niagara/Content/Enums/ENiagaraInactiveMode.uasset" 43
"../../Plugins/FX/Niagara/Content/Enums/ENiagaraExpansionMode.uasset" 44
"../../Plugins/FX/Niagara/Content/Enums/ENiagaraEmitterScalabilityMode_Limited.uasset" 45
"../../Plugins/FX/Niagara/Content/Enums/ENiagaraEmitterLifeCycleMode.uasset" 46
"../../Plugins/FX/Niagara/Content/Enums/ENiagaraCoordinateSpace.uasset" 47
"../../Plugins/FX/Niagara/Content/Enums/ENiagaraChannelCorrelation.uasset" 48
"../../Plugins/FX/Niagara/Content/Enums/ENiagara_UVFlippingMode.uasset" 49
"../../Plugins/FX/Niagara/Content/Enums/ENiagara_SpriteRotationMode.uasset" 50
"../../Plugins/FX/Niagara/Content/Enums/ENiagara_SizeScaleMode.uasset" 51
"../../Plugins/FX/Niagara/Content/Enums/ENiagara_PositionInitializationMode.uasset" 52
"../../Plugins/FX/Niagara/Content/Enums/ENiagara_MassInitializationMode.uasset" 53
"../../Plugins/FX/Niagara/Content/Enums/ENiagara_LifetimeMode.uasset" 54
"../../Plugins/FX/Niagara/Content/Enums/ENiagara_InfiniteLoopDuration.uasset" 55
"../../Plugins/FX/Niagara/Content/Enums/ENiagara_EmitterStateOptions.uasset" 56
"../../Plugins/FX/Niagara/Content/Modules/Update/Size/ScaleSpriteSize.uasset" 57
"../../Plugins/FX/Niagara/Content/Modules/Update/Lifetime/ParticleState.uasset" 58
"../../Plugins/FX/Niagara/Content/Functions/Localspace/TransformBase.uasset" 59
"../../Plugins/FX/Niagara/Content/Functions/Localspace/TransformVector.uasset" 60
"../../Plugins/FX/Niagara/Content/Modules/Update/Forces/GravityForce.uasset" 61
"../../Plugins/FX/Niagara/Content/Modules/Update/Forces/Drag.uasset" 62
"../../Plugins/FX/Niagara/Content/Modules/Update/Color/ScaleColor.uasset" 63
"../../Plugins/FX/Niagara/Content/Functions/GetRandomInfo.uasset" 64
"../../Plugins/FX/Niagara/Content/Functions/RandomRangeFloat.uasset" 65
"../../Plugins/FX/Niagara/Content/Functions/RandomUnitVector.uasset" 66
"../../Plugins/FX/Niagara/Content/Functions/RandomVector.uasset" 67
"../../Plugins/FX/Niagara/Content/Functions/DirectionAndLengthSafe.uasset" 68
"../../Plugins/FX/Niagara/Content/Functions/NormalizeDistanceRange.uasset" 69
"../../Plugins/FX/Niagara/Content/Functions/DistanceBasedFalloff.uasset" 70
"../../Plugins/FX/Niagara/Content/Functions/Localspace/SimulationPosition.uasset" 71
"../../Plugins/FX/Niagara/Content/Modules/Spawn/Velocity/AddVelocityFromPoint.uasset" 72
"../../Plugins/FX/Niagara/Content/Functions/V2/CalculateRandomRange.uasset" 73
"../../Plugins/FX/Niagara/Content/Functions/V2/CalculateRandomPointInSphere.uasset" 74
"../../Plugins/FX/Niagara/Content/Functions/SphericalToCartesianCoordinates.uasset" 75
"../../Plugins/FX/Niagara/Content/Functions/Rotation/MultiplyVectorWithQuaternion.uasset" 76
"../../Plugins/FX/Niagara/Content/Functions/Rotation/FindQuatBetween.uasset" 77
"../../Plugins/FX/Niagara/Content/Modules/Spawn/Location/V2/SphereLocation.uasset" 78
"../../Plugins/FX/Niagara/Content/Functions/V2/CalculateRandomRangeInteger.uasset" 79
"../../Plugins/FX/Niagara/Content/Functions/V2/CalculateRandomBool.uasset" 80
"../../Plugins/FX/Niagara/Content/Functions/V2/CalculateRandomRangeFloat.uasset" 81
"../../Plugins/FX/Niagara/Content/Functions/LinearColor/HueShiftLinearColor.uasset" 82
"../../Plugins/FX/Niagara/Content/Enums/ENiagara_ColorInitializationMode.uasset" 83
"../../Plugins/FX/Niagara/Content/Modules/Spawn/Initialization/V2/InitializeParticle.uasset" 84
"../../Plugins/FX/Niagara/Content/Modules/Solvers/SolveForcesAndVelocity.uasset" 85
"../../Plugins/FX/Niagara/Content/Modules/Emitter/SpawnBurst_Instantaneous.uasset" 86
"../../Plugins/FX/Niagara/Content/Enums/ENiagaraExecutionStateManagement.uasset" 87
"../../Plugins/FX/Niagara/Content/Functions/Emitter/EmitterChangeState.uasset" 88
"../../Plugins/FX/Niagara/Content/Modules/Emitter/EmitterState.uasset" 89
"../../Plugins/FX/Niagara/Content/DynamicInputs/ValueFromCurve/FloatFromCurve.uasset" 90
"../../Plugins/FX/Niagara/Content/DynamicInputs/UniformRange/V2/RandomRangeFloat.uasset" 91
"../../Plugins/FX/Niagara/Content/DynamicInputs/TypeConversions/Vector2DFromFloat.uasset" 92
"../../Plugins/FX/Niagara/Content/DynamicInputs/Helpers/SimulationPosition.uasset" 93
"../../../../../../Users/jake_/Documents/Unreal Projects/GMTK2021/Content/Materials/Particle_Effects/Textures/Particle_Alpha.uasset" 94
"../../../../../../Users/jake_/Documents/Unreal Projects/GMTK2021/Content/Materials/Particle_Effects/Textures/Blue_Particle.uasset" 95
"../../../../../../Users/jake_/Documents/Unreal Projects/GMTK2021/Content/Materials/Particle_Effects/Blue_Particle_Mat.uasset" 96
"../../../../../../Users/jake_/Documents/Unreal Projects/GMTK2021/Content/Materials/Particle_Effects/Player_Particle_System.uasset" 97
"../../../../../../Users/jake_/Documents/Unreal Projects/GMTK2021/Content/Materials/Particle_Effects/Textures/Blue_Long_Particle.uasset" 98
"../../../../../../Users/jake_/Documents/Unreal Projects/GMTK2021/Content/Materials/Particle_Effects/Textures/Long_Particle_Alpha.uasset" 99
"../../../../../../Users/jake_/Documents/Unreal Projects/GMTK2021/Content/Materials/Particle_Effects/Textures/Pink_Long_Particle.uasset" 100
"../../../../../../Users/jake_/Documents/Unreal Projects/GMTK2021/Content/Materials/Particle_Effects/Textures/Pink_Particle.uasset" 101
"../../../../../../Users/jake_/Documents/Unreal Projects/GMTK2021/Content/Materials/Textures/Eye_Bat_Demon_DefaultMaterial_Height.uasset" 102
"../../../../../../Users/jake_/Documents/Unreal Projects/GMTK2021/Content/Skeletal_Meshes/Eye_Bat_Demon_WAnim_PhysicsAsset.uasset" 103
"../../../../../../Users/jake_/Documents/Unreal Projects/GMTK2021/Content/Skeletal_Meshes/Eye_Bat_Demon_DefaultMaterial_BaseColor.uasset" 104
"../../../../../../Users/jake_/Documents/Unreal Projects/GMTK2021/Content/Skeletal_Meshes/Material_001.uasset" 105
"../../../../../../Users/jake_/Documents/Unreal Projects/GMTK2021/Content/Skeletal_Meshes/Eye_Bat_Demon_Skeleton.uasset" 106
"../../../../../../Users/jake_/Documents/Unreal Projects/GMTK2021/Content/Skeletal_Meshes/Eye_Bat_Demon_WAnim.uasset" 107
"../../../Engine/Content/Animation/DefaultAnimCurveCompressionSettings.uasset" 108
"../../../Engine/Content/Animation/DefaultAnimBoneCompressionSettings.uasset" 109
"../../../../../../Users/jake_/Documents/Unreal Projects/GMTK2021/Content/Skeletal_Meshes/Eye_Bat_Demon_WAnim_Anim_Armature_0T-Pose.uasset" 110
"../../../../../../Users/jake_/Documents/Unreal Projects/GMTK2021/Content/Skeletal_Meshes/Eye_Bat_Demon_WAnim_Anim_Armature_Attack.uasset" 111
"../../../../../../Users/jake_/Documents/Unreal Projects/GMTK2021/Content/Skeletal_Meshes/Eye_Bat_Demon_WAnim_Anim_Armature_Idle.uasset" 112
"../../../../../../Users/jake_/Documents/Unreal Projects/GMTK2021/Content/Skeletal_Meshes/Eye_Demon_Anim.uasset" 113
"../../../../../../Users/jake_/Documents/Unreal Projects/GMTK2021/Content/ThirdPerson/Meshes/RampMaterial.uasset" 114
"../../../../../../Users/jake_/Documents/Unreal Projects/GMTK2021/Content/ThirdPerson/Meshes/Bump_StaticMesh.uasset" 115
"../../../../../../Users/jake_/Documents/Unreal Projects/GMTK2021/Content/ThirdPerson/Meshes/LeftArm_StaticMesh.uasset" 116
"../../../../../../Users/jake_/Documents/Unreal Projects/GMTK2021/Content/ThirdPerson/Meshes/Linear_Stair_StaticMesh.uasset" 117
"../../../../../../Users/jake_/Documents/Unreal Projects/GMTK2021/Content/ThirdPerson/Meshes/Ramp_StaticMesh.uasset" 118
"../../../../../../Users/jake_/Documents/Unreal Projects/GMTK2021/Content/ThirdPerson/Meshes/RightArm_StaticMesh.uasset" 119
"../../../../../../Users/jake_/Documents/Unreal Projects/GMTK2021/Content/ThirdPersonBP/ThirdPersonOverview.uasset" 120
"../../../../../../Users/jake_/Documents/Unreal Projects/GMTK2021/Content/Mannequin/Animations/ThirdPerson_Jump.uasset" 121
"../../../../../../Users/jake_/Documents/Unreal Projects/GMTK2021/Content/Mannequin/Animations/ThirdPersonWalk.uasset" 122
"../../../../../../Users/jake_/Documents/Unreal Projects/GMTK2021/Content/Mannequin/Animations/ThirdPersonRun.uasset" 123
"../../../../../../Users/jake_/Documents/Unreal Projects/GMTK2021/Content/Mannequin/Animations/ThirdPersonIdle.uasset" 124
"../../../../../../Users/jake_/Documents/Unreal Projects/GMTK2021/Content/Mannequin/Animations/ThirdPerson_IdleRun_2D.uasset" 125
"../../../../../../Users/jake_/Documents/Unreal Projects/GMTK2021/Content/Mannequin/Animations/ThirdPersonJump_Start.uasset" 126
"../../../../../../Users/jake_/Documents/Unreal Projects/GMTK2021/Content/Mannequin/Animations/ThirdPersonJump_Loop.uasset" 127
"../../../../../../Users/jake_/Documents/Unreal Projects/GMTK2021/Content/Mannequin/Animations/ThirdPerson_AnimBP.uasset" 128
"../../../../../../Users/jake_/Documents/Unreal Projects/GMTK2021/Content/Materials/Soul_Texture.uasset" 129
"../../../../../../Users/jake_/Documents/Unreal Projects/GMTK2021/Content/UI/2dAssets/tripleShot.uasset" 130
"../../../../../../Users/jake_/Documents/Unreal Projects/GMTK2021/Content/UI/2dAssets/Healthbar.uasset" 131
"../../../../../../Users/jake_/Documents/Unreal Projects/GMTK2021/Content/UI/2dAssets/crosshair.uasset" 132
"../../../../../../Users/jake_/Documents/Unreal Projects/GMTK2021/Content/UI/2dAssets/Blue_Flame.uasset" 133
"../../../../../../Users/jake_/Documents/Unreal Projects/GMTK2021/Content/UI/2dAssets/attackSpeed.uasset" 134
"../../../../../../Users/jake_/Documents/Unreal Projects/GMTK2021/Content/Blueprints/Interfaces/Adoptable.uasset" 135
"../../../../../../Users/jake_/Documents/Unreal Projects/GMTK2021/Content/UI/MainMenu.uasset" 136
"../../../../../../Users/jake_/Documents/Unreal Projects/GMTK2021/Content/UI/HowToPlay.uasset" 137
"../../../../../../Users/jake_/Documents/Unreal Projects/GMTK2021/Content/UI/Pause.uasset" 138
"../../Plugins/FX/Niagara/Content/VectorFields/Assets/TilingCurl64.uasset" 139
"../../Plugins/FX/Niagara/Content/Enums/ENiagaraCurlNoiseQuality.uasset" 140
"../../Plugins/FX/Niagara/Content/Modules/Update/Forces/VortexForce.uasset" 141
"../../Plugins/FX/Niagara/Content/Modules/Update/Forces/V2/PointAttractionForce.uasset" 142
"../../Plugins/FX/Niagara/Content/VectorFields/Assets/TilingCurl32.uasset" 143
"../../Plugins/FX/Niagara/Content/VectorFields/Assets/TilingCurl16.uasset" 144
"../../Plugins/FX/Niagara/Content/Functions/V2/RemapRange.uasset" 145
"../../Plugins/FX/Niagara/Content/Functions/FindAngleBetweenVectors.uasset" 146
"../../Plugins/FX/Niagara/Content/Functions/V2/ConeMask.uasset" 147
"../../Plugins/FX/Niagara/Content/Modules/Update/Forces/V2/CurlNoiseForce.uasset" 148
"../../Plugins/FX/Niagara/Content/Modules/Emitter/SpawnRate.uasset" 149
"../../Plugins/FX/Niagara/Content/DefaultAssets/DefaultSpriteMaterial.uasset" 150
"../../../../../../Users/jake_/Documents/Unreal Projects/GMTK2021/Content/Materials/Particle_Effects/NewNiagaraEmitter.uasset" 151
"../../Plugins/FX/Niagara/Content/Enums/ENiagaraSystemInactiveMode.uasset" 152
"../../Plugins/FX/Niagara/Content/Functions/System/SystemChangeState.uasset" 153
"../../Plugins/FX/Niagara/Content/Modules/System/SystemState.uasset" 154
"../../../../../../Users/jake_/Documents/Unreal Projects/GMTK2021/Content/Materials/Particle_Effects/Blue_Player_Particles.uasset" 155
"../../../../../../Users/jake_/Documents/Unreal Projects/GMTK2021/Content/Audio/Lev_Impact_Glass.uasset" 156
"../../../../../../Users/jake_/Documents/Unreal Projects/GMTK2021/Content/Audio/Explosion_SFX.uasset" 157
"../../../../../../Users/jake_/Documents/Unreal Projects/GMTK2021/Content/Materials/Particle_Effects/Enemy_Shot_Trail_Particles.uasset" 158
"../../Plugins/FX/Niagara/Content/Modules/Update/Size/ScaleMeshSize.uasset" 159
"../../Plugins/FX/Niagara/Content/Functions/PolarToCartesianCoordinates.uasset" 160
"../../Plugins/FX/Niagara/Content/Functions/RandomVectorInCone.uasset" 161
"../../Plugins/FX/Niagara/Content/Functions/Math/RemapValueRange.uasset" 162
"../../Plugins/FX/Niagara/Content/Modules/Spawn/Velocity/AddVelocityInCone.uasset" 163
"../../Plugins/FX/Niagara/Content/DynamicInputs/TypeConversions/VectorFromFloat.uasset" 164
"../../Plugins/FX/Niagara/Content/DefaultAssets/M_Gnomon_Alpha.uasset" 165
"../../../Engine/Content/EngineMaterials/T_Default_Material_Grid_N.uasset" 166
"../../../Engine/Content/EngineMaterials/T_Default_Material_Grid_M.uasset" 167
"../../../Engine/Content/Functions/Engine_MaterialFunctions01/Opacity/CameraDepthFade.uasset" 168
"../../../Engine/Content/EngineMaterials/DefaultMaterial.uasset" 169
"../../../../../../Users/jake_/Documents/Unreal Projects/GMTK2021/Content/Geometry/Meshes/Sphere.uasset" 170
"../../../../../../Users/jake_/Documents/Unreal Projects/GMTK2021/Content/Materials/Particle_Effects/Enemy_Projectile_Hit.uasset" 171
"../../../../../../Users/jake_/Documents/Unreal Projects/GMTK2021/Content/Blueprints/Projectiles/LostSoulProjectile.uasset" 172
"../../../../../../Users/jake_/Documents/Unreal Projects/GMTK2021/Content/Audio/Enemy_Shot.uasset" 173
"../../../../../../Users/jake_/Documents/Unreal Projects/GMTK2021/Content/Audio/Enemy_Shot_Cue.uasset" 174
"../../../../../../Users/jake_/Documents/Unreal Projects/GMTK2021/Content/Skeletal_Meshes/Eye_Bat_Demon_PhysicsAsset.uasset" 175
"../../../../../../Users/jake_/Documents/Unreal Projects/GMTK2021/Content/Materials/Textures/Eye_Bat_Demon_DefaultMaterial_Roughness.uasset" 176
"../../../../../../Users/jake_/Documents/Unreal Projects/GMTK2021/Content/Materials/Textures/Eye_Bat_Demon_DefaultMaterial_Normal.uasset" 177
"../../../../../../Users/jake_/Documents/Unreal Projects/GMTK2021/Content/Materials/Textures/Eye_Bat_Demon_DefaultMaterial_Metallic.uasset" 178
"../../../../../../Users/jake_/Documents/Unreal Projects/GMTK2021/Content/Materials/Textures/Eye_Bat_Demon_DefaultMaterial_BaseColor.uasset" 179
"../../../../../../Users/jake_/Documents/Unreal Projects/GMTK2021/Content/Materials/Eye_Bat_Demon_Mat.uasset" 180
"../../../../../../Users/jake_/Documents/Unreal Projects/GMTK2021/Content/Skeletal_Meshes/Eye_Bat_Demon.uasset" 181
"../../../../../../Users/jake_/Documents/Unreal Projects/GMTK2021/Content/Blueprints/Enemies/LostSoul.uasset" 182
"../../../../../../Users/jake_/Documents/Unreal Projects/GMTK2021/Content/Materials/Particle_Effects/Player_Shot_Trail_Particles.uasset" 183
"../../../../../../Users/jake_/Documents/Unreal Projects/GMTK2021/Content/Materials/Particle_Effects/Player_Projectile_Hit.uasset" 184
"../../../../../../Users/jake_/Documents/Unreal Projects/GMTK2021/Content/Materials/Soul_Projectile.uasset" 185
"../../../../../../Users/jake_/Documents/Unreal Projects/GMTK2021/Content/Blueprints/Projectiles/SoulProjectile.uasset" 186
"../../../../../../Users/jake_/Documents/Unreal Projects/GMTK2021/Content/Audio/Player_Shot.uasset" 187
"../../../../../../Users/jake_/Documents/Unreal Projects/GMTK2021/Content/Audio/Player_Shot_Cue.uasset" 188
"../../../../../../Users/jake_/Documents/Unreal Projects/GMTK2021/Content/Audio/Game_Jam_song.uasset" 189
"../../../../../../Users/jake_/Documents/Unreal Projects/GMTK2021/Content/Audio/Music.uasset" 190
"../../../../../../Users/jake_/Documents/Unreal Projects/GMTK2021/Content/Materials/Pet_Soul_Texture.uasset" 191
"../../../../../../Users/jake_/Documents/Unreal Projects/GMTK2021/Content/Blueprints/Allies/ExamplePet.uasset" 192
"../../../../../../Users/jake_/Documents/Unreal Projects/GMTK2021/Content/Blueprints/Interfaces/Adoptor.uasset" 193
"../../../../../../Users/jake_/Documents/Unreal Projects/GMTK2021/Content/Blueprints/Player/SoulPawn.uasset" 194
"../../../../../../Users/jake_/Documents/Unreal Projects/GMTK2021/Content/Blueprints/Allies/BasePet.uasset" 195
"../../../../../../Users/jake_/Documents/Unreal Projects/GMTK2021/Content/UI/SoulJoined.uasset" 196
"../../../../../../Users/jake_/Documents/Unreal Projects/GMTK2021/Content/UI/DeathScreen.uasset" 197
"../../../../../../Users/jake_/Documents/Unreal Projects/GMTK2021/Content/Blueprints/SoulGameMode.uasset" 198
"../../../../../../Users/jake_/Documents/Unreal Projects/GMTK2021/Content/Blueprints/Player/SoulController.uasset" 199
"../../../../../../Users/jake_/Documents/Unreal Projects/GMTK2021/Content/Blueprints/Player/SoulState.uasset" 200
"../../../../../../Users/jake_/Documents/Unreal Projects/GMTK2021/Content/UI/HUD.uasset" 201
"../../../../../../Users/jake_/Documents/Unreal Projects/GMTK2021/Content/ThirdPersonBP/Blueprints/ThirdPersonCharacter.uasset" 202
"../../../../../../Users/jake_/Documents/Unreal Projects/GMTK2021/Content/ThirdPersonBP/Blueprints/ThirdPersonGameMode.uasset" 203
"../../../../../../Users/jake_/Documents/Unreal Projects/GMTK2021/Content/Materials/Textures/Table_Wood_Roughness.uasset" 204
"../../../../../../Users/jake_/Documents/Unreal Projects/GMTK2021/Content/Materials/Textures/Table_Wood_Normal.uasset" 205
"../../../../../../Users/jake_/Documents/Unreal Projects/GMTK2021/Content/Materials/Textures/Table_Wood_Base.uasset" 206
"../../../../../../Users/jake_/Documents/Unreal Projects/GMTK2021/Content/Materials/Wood_Mat.uasset" 207
"../../../../../../Users/jake_/Documents/Unreal Projects/GMTK2021/Content/Geometry/Meshes/Wood_Ceilling_Beams.uasset" 208
"../../../../../../Users/jake_/Documents/Unreal Projects/GMTK2021/Content/Materials/Textures/Undergroud_Brick_Ceilling_Rougness.uasset" 209
"../../../../../../Users/jake_/Documents/Unreal Projects/GMTK2021/Content/Materials/Textures/Undergroud_Brick_Ceilling_Normal.uasset" 210
"../../../../../../Users/jake_/Documents/Unreal Projects/GMTK2021/Content/Materials/Textures/Undergroud_Brick_Ceilling_Height.uasset" 211
"../../../../../../Users/jake_/Documents/Unreal Projects/GMTK2021/Content/Materials/Textures/Undergroud_Brick_Ceilling_Albedo.uasset" 212
"../../../../../../Users/jake_/Documents/Unreal Projects/GMTK2021/Content/Materials/StoneBricks_Ceilling.uasset" 213
"../../../../../../Users/jake_/Documents/Unreal Projects/GMTK2021/Content/Materials/StoneBricks_Ceilling_Inst.uasset" 214
"../../../../../../Users/jake_/Documents/Unreal Projects/GMTK2021/Content/Meshes/StaticMesh.uasset" 215
"../../../Engine/Content/EngineMaterials/WorldGridMaterial.uasset" 216
"../../../Engine/Content/ArtTools/RenderToTexture/Meshes/S_1_Unit_Plane.uasset" 217
"../../../Engine/Content/BasicShapes/Cone.uasset" 218
"../../../Engine/Content/BasicShapes/Cube.uasset" 219
"../../../Engine/Content/BasicShapes/Plane.uasset" 220
"../../../Engine/Content/BasicShapes/Sphere.uasset" 221
"../../../Engine/Content/EditorLandscapeResources/DataLayer.uasset" 222
"../../../Engine/Content/EditorLandscapeResources/DefaultAlphaTexture.uasset" 223
"../../../Engine/Content/EditorMaterials/MAT_Groups_Toggle.uasset" 224
"../../../Engine/Content/EditorMaterials/MAT_Groups_Visibility.uasset" 225
"../../../Engine/Content/EditorMaterials/PreviewShadowIndicator.uasset" 226
"../../../Engine/Content/EditorMaterials/PreviewShadowIndicatorMaterial.uasset" 227
"../../../Engine/Content/EditorMaterials/MatineeGroups/MAT_ColorTrack.uasset" 228
"../../../Engine/Content/EditorMaterials/MatineeGroups/MAT_Groups_Anim.uasset" 229
"../../../Engine/Content/EditorMaterials/MatineeGroups/MAT_Groups_AudioMaster.uasset" 230
"../../../Engine/Content/EditorMaterials/MatineeGroups/MAT_Groups_Director.uasset" 231
"../../../Engine/Content/EditorMaterials/MatineeGroups/MAT_Groups_Event.uasset" 232
"../../../Engine/Content/EditorMaterials/MatineeGroups/MAT_Groups_Fade.uasset" 233
"../../../Engine/Content/EditorMaterials/MatineeGroups/MAT_Groups_Float.uasset" 234
"../../../Engine/Content/EditorMaterials/MatineeGroups/MAT_Groups_Move.uasset" 235
"../../../Engine/Content/EditorMaterials/MatineeGroups/MAT_Groups_Slomo.uasset" 236
"../../../Engine/Content/EditorMaterials/MatineeGroups/MAT_Groups_Sound.uasset" 237
"../../../Engine/Content/EditorMaterials/MatineeGroups/MAT_Groups_Vector.uasset" 238
"../../../Engine/Content/EditorMaterials/ParticleSystems/PSysThumbnail_NoImage.uasset" 239
"../../../Engine/Content/EditorMaterials/ParticleSystems/PSysThumbnail_OOD.uasset" 240
"../../../Engine/Content/EditorMaterials/Camera/CineMat.uasset" 241
"../../../Engine/Content/EditorMaterials/Camera/MI_CineMat_Rig.uasset" 242
"../../../Engine/Content/EditorMeshes/Camera/SM_CraneRig_Arm.uasset" 243
"../../../Engine/Content/EditorMeshes/Camera/SM_CraneRig_Base.uasset" 244
"../../../Engine/Content/EditorMeshes/Camera/SM_CraneRig_Body.uasset" 245
"../../../Engine/Content/EditorMeshes/Camera/SM_CraneRig_Mount.uasset" 246
"../../../Engine/Content/EditorMeshes/Camera/SM_RailRig_Mount.uasset" 247
"../../../Engine/Content/EditorMeshes/Camera/SM_RailRig_Track.uasset" 248
"../../../Engine/Content/EditorResources/BSPVertex.uasset" 249
"../../../Engine/Content/EditorResources/EmptyActor.uasset" 250
"../../../Engine/Content/EditorResources/S_Actor.uasset" 251
"../../../Engine/Content/EditorResources/S_Note.uasset" 252
"../../../Engine/Content/EditorResources/S_Solver.uasset" 253
"../../../Engine/Content/EditorResources/S_Terrain.uasset" 254
"../../../Engine/Content/EditorResources/S_Trigger.uasset" 255
"../../../Engine/Content/EditorResources/LightIcons/S_LightError.uasset" 256
"../../../Engine/Content/EditorResources/SequenceRecorder/Countdown.uasset" 257
"../../../Engine/Content/EditorResources/SequenceRecorder/RecordingIndicator.uasset" 258
"../../../Engine/Content/EngineDamageTypes/DmgTypeBP_Environmental.uasset" 259
"../../../Engine/Content/EngineDebugMaterials/DebugEditorMaterial.uasset" 260
"../../../Engine/Content/EngineDebugMaterials/DebugMeshMaterial.uasset" 261
"../../../Engine/Content/EngineDebugMaterials/M_SimpleUnlitTranslucent.uasset" 262
"../../../Engine/Content/EngineDebugMaterials/VolumeToRender.uasset" 263
"../../../Engine/Content/Functions/Engine_MaterialFunctions02/Utility/CameraDirectionVector.uasset" 264
"../../../Engine/Content/EngineDebugMaterials/M_VolumeRenderSphereTracePP.uasset" 265
"../../../Engine/Content/Functions/Engine_MaterialFunctions01/Shading/ConvertFromDiffSpec.uasset" 266
"../../../Engine/Content/EngineDebugMaterials/VertexColorMaterial.uasset" 267
"../../../Engine/Content/EngineDebugMaterials/WireframeMaterial.uasset" 268
"../../../Engine/Content/EngineFonts/Faces/RobotoRegular.uasset" 269
"../../../Engine/Content/EngineFonts/Faces/RobotoLight.uasset" 270
"../../../Engine/Content/EngineFonts/Faces/RobotoItalic.uasset" 271
"../../../Engine/Content/EngineFonts/Faces/RobotoBoldItalic.uasset" 272
"../../../Engine/Content/EngineFonts/Faces/RobotoBold.uasset" 273
"../../../Engine/Content/EngineFonts/Faces/DroidSansFallback.uasset" 274
"../../../Engine/Content/EngineFonts/Roboto.uasset" 275
"../../../Engine/Content/EngineMaterials/BaseFlattenNormalMap.uasset" 276
"../../../Engine/Content/EngineMaterials/BaseFlattenGrayscaleMap.uasset" 277
"../../../Engine/Content/EngineMaterials/BaseFlattenEmissiveMap.uasset" 278
"../../../Engine/Content/EngineMaterials/BaseFlattenDiffuseMap.uasset" 279
"../../../Engine/Content/EngineMaterials/BaseFlattenMaterial.uasset" 280
"../../../Engine/Content/EngineMaterials/BlueNoise.uasset" 281
"../../../Engine/Content/EngineMaterials/DefaultBloomKernel.uasset" 282
"../../../Engine/Content/EngineMaterials/DefaultBokeh.uasset" 283
"../../../Engine/Content/EngineMaterials/DefaultDiffuse.uasset" 284
"../../../Engine/Content/EngineMaterials/DefaultDeferredDecalMaterial.uasset" 285
"../../../Engine/Content/EngineMaterials/DefaultLightFunctionMaterial.uasset" 286
"../../../Engine/Content/EngineMaterials/DefaultPhysicalMaterial.uasset" 287
"../../../Engine/Content/Functions/Engine_MaterialFunctions02/Utility/BreakOutFloat2Components.uasset" 288
"../../../Engine/Content/EngineMaterials/DefaultPostProcessMaterial.uasset" 289
"../../../Engine/Content/EngineFonts/RobotoDistanceField.uasset" 290
"../../../Engine/Content/EngineMaterials/DefaultTextMaterialOpaque.uasset" 291
"../../../Engine/Content/EngineMaterials/DefaultWhiteGrid.uasset" 292
"../../../Engine/Content/EngineMaterials/DefaultWhiteGrid_Low.uasset" 293
"../../../Engine/Content/EngineMaterials/EmissiveMeshMaterial.uasset" 294
"../../../Engine/Content/EngineMaterials/GizmoMaterial.uasset" 295
"../../../Engine/Content/EngineMaterials/Good64x64TilingNoiseHighFreq.uasset" 296
"../../../Engine/Content/EngineMaterials/MiniFont.uasset" 297
"../../../Engine/Content/EngineMaterials/InvalidLightmapSettings.uasset" 298
"../../../Engine/Content/EngineMaterials/M_InvalidLightmapSettings.uasset" 299
"../../../Engine/Content/Functions/Engine_MaterialFunctions02/WorldPositionOffset/CameraOffset.uasset" 300
"../../../Engine/Content/EngineMaterials/PhAT_JointLimitMaterial.uasset" 301
"../../../Engine/Content/EngineMaterials/PreintegratedSkinBRDF.uasset" 302
"../../../Engine/Content/EngineMaterials/RemoveSurfaceMaterial.uasset" 303
"../../../Engine/Content/EngineMaterials/WeightMapPlaceholderTexture.uasset" 304
"../../../Engine/Content/EngineResources/WhiteSquareTexture.uasset" 305
"../../../Engine/Content/EngineMaterials/Widget3DPassThrough.uasset" 306
"../../../Engine/Content/EngineMaterials/Widget3DPassThrough_Masked.uasset" 307
"../../../Engine/Content/EngineMaterials/Widget3DPassThrough_Opaque.uasset" 308
"../../../Engine/Content/EngineMaterials/Widget3DPassThrough_Masked_OneSided.uasset" 309
"../../../Engine/Content/EngineMaterials/Widget3DPassThrough_Opaque_OneSided.uasset" 310
"../../../Engine/Content/EngineMaterials/Widget3DPassThrough_Translucent.uasset" 311
"../../../Engine/Content/EngineMaterials/Widget3DPassThrough_Translucent_OneSided.uasset" 312
"../../../Engine/Content/EngineMeshes/Cylinder.uasset" 313
"../../../Engine/Content/EngineMeshes/Sphere.uasset" 314
"../../../Engine/Content/EngineResources/Black.uasset" 315
"../../../Engine/Content/EngineResources/DefaultTextureCube.uasset" 316
"../../../Engine/Content/EngineResources/DefaultVolumeTexture2D.uasset" 317
"../../../Engine/Content/EngineResources/DefaultVolumeTexture.uasset" 318
"../../../Engine/Content/EngineResources/GradientTexture0.uasset" 319
"../../../Engine/Content/EngineSky/VolumetricClouds/T_NoiseShape64.uasset" 320
"../../../Engine/Content/EngineSky/VolumetricClouds/T_VolumeNoiseShape64.uasset" 321
"../../../Engine/Content/EngineSky/VolumetricClouds/T_NoiseErosion.uasset" 322
"../../../Engine/Content/EngineSky/VolumetricClouds/T_VolumeNoiseErosion32.uasset" 323
"../../../Engine/Content/EngineSky/VolumetricClouds/CloudWeatherTexture.uasset" 324
"../../../Engine/Content/EngineSky/VolumetricClouds/CloudGradientTexture.uasset" 325
"../../../Engine/Content/Functions/Engine_MaterialFunctions02/Utility/MakeFloat2.uasset" 326
"../../../Engine/Content/EngineSky/VolumetricClouds/m_SimpleVolumetricCloud.uasset" 327
"../../../Engine/Content/EngineSky/VolumetricClouds/m_SimpleVolumetricCloud_Inst.uasset" 328
"../../../Engine/Content/EngineSounds/Master.uasset" 329
"../../../Engine/Content/Functions/Engine_MaterialFunctions01/Shading/PowerToRoughness.uasset" 330
"../../../Engine/Content/Maps/Templates/Thumbnails/Default.uasset" 331
"../../../Engine/Content/Maps/Templates/Thumbnails/TimeOfDay.uasset" 332
"../../../Engine/Content/Maps/Templates/Thumbnails/VR-Basic.uasset" 333
"../../../Engine/Content/MobileResources/T_MobileControls_texture.uasset" 334
"../../../Engine/Content/MobileResources/T_MobileMenu2.uasset" 335
"../../../Engine/Content/MobileResources/HUD/AnalogHat.uasset" 336
"../../../Engine/Content/MobileResources/HUD/VirtualJoystick_Thumb.uasset" 337
"../../../Engine/Content/MobileResources/HUD/VirtualJoystick_Background.uasset" 338
"../../../Engine/Content/MobileResources/HUD/DefaultVirtualJoysticks.uasset" 339
"../../../Engine/Content/MobileResources/HUD/LeftVirtualJoystickOnly.uasset" 340
"../../../Engine/Content/MobileResources/HUD/MobileHUDButton1_off.uasset" 341
"../../../Engine/Content/MobileResources/HUD/MobileHUDButton1_on.uasset" 342
"../../../Engine/Content/MobileResources/HUD/MobileHUDButton2_off.uasset" 343
"../../../Engine/Content/MobileResources/HUD/MobileHUDButton2_on.uasset" 344
"../../../Engine/Content/MobileResources/HUD/MobileHUDButton3.uasset" 345
"../../../Engine/Content/MobileResources/HUD/MobileHUDButtonFire.uasset" 346
"../../../Engine/Content/MobileResources/HUD/MobileHUDDirectionPad.uasset" 347
"../../../Engine/Content/MobileResources/HUD/MobileHUDDirectionPad2.uasset" 348
"../../../Engine/Content/MobileResources/HUD/MobileHUDDirectionPad3.uasset" 349
"../../../Engine/Content/MobileResources/HUD/MobileHUDDirectionStick.uasset" 350
"../../../Engine/Content/MobileResources/HUD/T_Castle_ThumbstickInner.uasset" 351
"../../../Engine/Content/MobileResources/HUD/T_Castle_ThumbstickOutter.uasset" 352
"../../../Engine/Content/Tutorial/ContentIntroCurve.uasset" 353
"../../../Engine/Content/Tutorial/Basics/LevelEditorAttract.uasset" 354
"../../../Engine/Content/Tutorial/Basics/TutorialAssets/icon_tab_Levels_40x.uasset" 355
"../../../Engine/Content/Tutorial/Basics/LevelEditorOverview.uasset" 356
"../../../Engine/Content/Tutorial/BlueprintTutorials/TutorialAssets/Blueprint_64x.uasset" 357
"../../../Engine/Content/Tutorial/BlueprintTutorials/BlueprintEditorTutorial.uasset" 358
"../../../Engine/Content/VREditor/TransformGizmo/TranslucentTransformGizmoMaterial.uasset" 359
"../../../Engine/Content/VREditor/LaserPointer/VR_LaserPower_01.uasset" 360
"../../../Engine/Content/VREditor/TransformGizmo/TransformGizmoMaterial.uasset" 361
"../../../Engine/Content/VREditor/TransformGizmo/BoundingBoxCorner.uasset" 362
"../../../Engine/Content/VREditor/TransformGizmo/BoundingBoxEdge.uasset" 363
"../../../Engine/Content/VREditor/TransformGizmo/PlaneTranslationHandle.uasset" 364
"../../../Engine/Content/VREditor/TransformGizmo/Xray.uasset" 365
"../../../Engine/Content/VREditor/TransformGizmo/Main.uasset" 366
"../../../Engine/Content/VREditor/TransformGizmo/SM_Sequencer_Key.uasset" 367
"../../../Engine/Content/VREditor/TransformGizmo/SM_Sequencer_Node.uasset" 368
"../../Plugins/2D/Paper2D/Content/PlaceholderTextures/DummySpriteTexture.uasset" 369
"../../Plugins/2D/Paper2D/Content/DummySprite.uasset" 370
"../../Plugins/2D/Paper2D/Content/DefaultPaperTerrainMaterial.uasset" 371
"../../Plugins/2D/Paper2D/Content/DefaultSpriteMaterial.uasset" 372
"../../Plugins/2D/Paper2D/Content/MaskedUnlitSpriteMaterial.uasset" 373
"../../Plugins/2D/Paper2D/Content/OpaqueUnlitSpriteMaterial.uasset" 374
"../../../Engine/Content/Functions/Engine_MaterialFunctions02/Utility/BreakOutFloat3Components.uasset" 375
"../../Plugins/Editor/SpeedTreeImporter/Content/SpeedTree9/UnpackInteger3.uasset" 376
"../../Plugins/Editor/SpeedTreeImporter/Content/SpeedTree9/UnpackDirection.uasset" 377
"../../Plugins/Editor/SpeedTreeImporter/Content/SpeedTree9/game_wind_noise.uasset" 378
"../../../Engine/Content/Functions/Engine_MaterialFunctions02/SafeNormalize.uasset" 379
"../../Plugins/Editor/SpeedTreeImporter/Content/SpeedTree9/SpeedTreeWindMotion.uasset" 380
"../../Plugins/Editor/SpeedTreeImporter/Content/SpeedTree9/SpeedTreeBranchMotion.uasset" 381
"../../../Engine/Content/Functions/Engine_MaterialFunctions02/ObjectLocalBounds.uasset" 382
"../../../Engine/Content/Functions/Engine_MaterialFunctions02/UVs/BoundingBoxBased_0-1_UVW.uasset" 383
"../../Plugins/Editor/SpeedTreeImporter/Content/SpeedTree9/SpeedTreeWind.uasset" 384
"../../Plugins/Editor/SpeedTreeImporter/Content/SpeedTree9/SpeedTreeBillboard.uasset" 385
"../../../Engine/Content/EngineResources/DefaultTexture.uasset" 386
"../../Plugins/Editor/SpeedTreeImporter/Content/SpeedTree9/SpeedTreeBillboardMaster.uasset" 387
"../../Plugins/Editor/SpeedTreeImporter/Content/SpeedTree9/SpeedTreeCameraFacing.uasset" 388
"../../Plugins/Editor/SpeedTreeImporter/Content/SpeedTree9/SpeedTreeMaster.uasset" 389
"../../../Engine/Content/BasicShapes/Cylinder.uasset" 390
"../../../Engine/Content/ArtTools/RenderToTexture/Materials/Debug/M_Emissive_Color.uasset" 391
"../../Plugins/Lumin/MagicLeapPassableWorld/Content/MagicLeapARPinInfoActor.uasset" 392
"../../../Engine/Content/Functions/Engine_MaterialFunctions02/Utility/BreakOutFloat4Components.uasset" 393
"../../../Engine/Content/Functions/Engine_MaterialFunctions02/Utility/MakeFloat3.uasset" 394
"../../Plugins/Runtime/Oculus/OculusVR/Content/Materials/OculusMR_ChromaKey.uasset" 395
"../../Plugins/Runtime/Oculus/OculusVR/Content/Materials/OculusMR_OpaqueColoredMaterial.uasset" 396
"../../Plugins/Runtime/Oculus/OculusVR/Content/Materials/PokeAHoleMaterial.uasset" 397
"../../../../../../Users/jake_/Documents/Unreal Projects/GMTK2021/Content/Materials/StoneBricks_Ceilling_2.uasset" 398
"../../../../../../Users/jake_/Documents/Unreal Projects/GMTK2021/Content/Geometry/Meshes/StaticMesh1.uasset" 399
"../../../../../../Users/jake_/Documents/Unreal Projects/GMTK2021/Content/Materials/Textures/Rock_Wall_Roughness.uasset" 400
"../../../../../../Users/jake_/Documents/Unreal Projects/GMTK2021/Content/Materials/Textures/Rock_Wall_Normal.uasset" 401
"../../../../../../Users/jake_/Documents/Unreal Projects/GMTK2021/Content/Materials/Textures/Rock_Wall_Height.uasset" 402
"../../../../../../Users/jake_/Documents/Unreal Projects/GMTK2021/Content/Materials/Textures/Rock_Wall_Albedo.uasset" 403
"../../../../../../Users/jake_/Documents/Unreal Projects/GMTK2021/Content/Materials/Rock_Walls_MOREUV.uasset" 404
"../../../../../../Users/jake_/Documents/Unreal Projects/GMTK2021/Content/Geometry/Meshes/Rock_Wall.uasset" 405
"../../../Engine/Content/EngineSky/T_Sky_Stars.uasset" 406
"../../../Engine/Content/EngineSky/T_Sky_Clouds_M.uasset" 407
"../../../Engine/Content/EngineSky/T_Sky_Blue.uasset" 408
"../../../Engine/Content/EngineSky/M_Sky_Panning_Clouds2.uasset" 409
"../../../../../../Users/jake_/Documents/Unreal Projects/GMTK2021/Content/Level2BOIZ_BuiltData.uasset" 410
"../../../../../../Users/jake_/Documents/Unreal Projects/GMTK2021/Content/Materials/Lost_Soul_Projectile_Mat.uasset" 411
"../../../../../../Users/jake_/Documents/Unreal Projects/GMTK2021/Content/Geometry/Meshes/1M_Cube.uasset" 412
"../../../../../../Users/jake_/Documents/Unreal Projects/GMTK2021/Content/Blueprints/Portal_2.uasset" 413
"../../../Engine/Content/EngineSky/SM_SkySphere.uasset" 414
"../../../Engine/Content/EngineSky/C_Sky_Zenith_Color.uasset" 415
"../../../Engine/Content/EngineSky/C_Sky_Horizon_Color.uasset" 416
"../../../Engine/Content/EngineSky/C_Sky_Cloud_Color.uasset" 417
"../../../Engine/Content/EngineSky/BP_Sky_Sphere.uasset" 418
"../../../../../../Users/jake_/Documents/Unreal Projects/GMTK2021/Content/Materials/Particle_Effects/Green_Player_Particles.uasset" 419
"../../../../../../Users/jake_/Documents/Unreal Projects/GMTK2021/Content/Materials/Pet_Soul_Texture_4.uasset" 420
"../../../../../../Users/jake_/Documents/Unreal Projects/GMTK2021/Content/Blueprints/Allies/TriplePet.uasset" 421
"../../../../../../Users/jake_/Documents/Unreal Projects/GMTK2021/Content/Materials/Particle_Effects/Red_Player_Particle.uasset" 422
"../../../../../../Users/jake_/Documents/Unreal Projects/GMTK2021/Content/Materials/Pet_Soul_Texture_3.uasset" 423
"../../../../../../Users/jake_/Documents/Unreal Projects/GMTK2021/Content/Blueprints/Allies/TankPEt.uasset" 424
"../../../../../../Users/jake_/Documents/Unreal Projects/GMTK2021/Content/Materials/Particle_Effects/Orange_Player_Particles.uasset" 425
"../../../../../../Users/jake_/Documents/Unreal Projects/GMTK2021/Content/Materials/Pet_Soul_Texture_2.uasset" 426
"../../../../../../Users/jake_/Documents/Unreal Projects/GMTK2021/Content/Blueprints/Allies/fireRatePet.uasset" 427
"../../../../../../Users/jake_/Documents/Unreal Projects/GMTK2021/Content/Materials/Textures/Mud_Roughness.uasset" 428
"../../../../../../Users/jake_/Documents/Unreal Projects/GMTK2021/Content/Materials/Textures/Mud_Normal.uasset" 429
"../../../../../../Users/jake_/Documents/Unreal Projects/GMTK2021/Content/Materials/Textures/Mud_Albedo.uasset" 430
"../../../../../../Users/jake_/Documents/Unreal Projects/GMTK2021/Content/Materials/Mud_Floor.uasset" 431
"../../../../../../Users/jake_/Documents/Unreal Projects/GMTK2021/Content/Level2BOIZ.umap" 432
"../../../../../../Users/jake_/Documents/Unreal Projects/GMTK2021/Content/MainMenu.umap" 433
"../../../../../../Users/jake_/Documents/Unreal Projects/GMTK2021/Content/Opening_Room_BuiltData.uasset" 434
"../../../../../../Users/jake_/Documents/Unreal Projects/GMTK2021/Content/Materials/Rock_Walls.uasset" 435
"../../../../../../Users/jake_/Documents/Unreal Projects/GMTK2021/Content/Materials/Rock_Walls_Inst.uasset" 436
"../../../../../../Users/jake_/Documents/Unreal Projects/GMTK2021/Content/Materials/Textures/Wall_Torch_DefaultMaterial_Roughness.uasset" 437
"../../../../../../Users/jake_/Documents/Unreal Projects/GMTK2021/Content/Materials/Textures/Wall_Torch_DefaultMaterial_Normal.uasset" 438
"../../../../../../Users/jake_/Documents/Unreal Projects/GMTK2021/Content/Materials/Textures/Wall_Torch_DefaultMaterial_Metallic.uasset" 439
"../../../../../../Users/jake_/Documents/Unreal Projects/GMTK2021/Content/Materials/Textures/Wall_Torch_DefaultMaterial_BaseColor.uasset" 440
"../../../../../../Users/jake_/Documents/Unreal Projects/GMTK2021/Content/Materials/Wall_Torch_Mat.uasset" 441
"../../../../../../Users/jake_/Documents/Unreal Projects/GMTK2021/Content/Geometry/Meshes/Wall_Torch.uasset" 442
"../../../../../../Users/jake_/Documents/Unreal Projects/GMTK2021/Content/Opening_Room.umap" 443
"../../../../../../Users/jake_/Documents/Unreal Projects/GMTK2021/Content/UI/WinnerScreen.uasset" 444
"../../../../../../Users/jake_/Documents/Unreal Projects/GMTK2021/Content/Winner.umap" 445
"../../../../../../Users/jake_/Documents/Unreal Projects/GMTK2021/Content/Materials/Particle_Effects/Pink_Pet_Particles.uasset" 446
"../../../../../../Users/jake_/Documents/Unreal Projects/GMTK2021/Content/Blueprints/Allies/damagePet.uasset" 447
"../../../../../../Users/jake_/Documents/Unreal Projects/GMTK2021/Content/Blueprints/Portal.uasset" 448
"../../../../../../Users/jake_/Documents/Unreal Projects/GMTK2021/Content/ThirdPersonBP/Maps/ThirdPersonExampleMap_BuiltData.uasset" 449
"../../../../../../Users/jake_/Documents/Unreal Projects/GMTK2021/Content/Geometry/Meshes/TemplateFloor.uasset" 450
"../../../../../../Users/jake_/Documents/Unreal Projects/GMTK2021/Content/Blueprints/Enemies/GenericEnemy.uasset" 451
"../../../../../../Users/jake_/Documents/Unreal Projects/GMTK2021/Content/ThirdPersonBP/Maps/ThirdPersonExampleMap.umap" 452
"../../../Engine/Content/Maps/Entry_BuiltData.uasset" 453
"../../../Engine/Content/Maps/Entry.umap" 454
